[2026-04-14T16:50:31.519] [DEBUG] debug-file - env: nodejsVersion=v18.20.1
[2026-04-14T16:50:32.243] [DEBUG] debug-file - Hvigor init with startParameters:{
  hvigorfileTypeCheck: false,
  parallelExecution: true,
  incrementalExecution: true,
  printStackTrace: false,
  daemon: false,
  analyze: 0,
  logLevel: Level { level: 20000, levelStr: 'INFO', colour: 'green' },
  optimizationStrategy: 'memory',
  hotCompile: undefined,
  hotReloadBuild: undefined,
  customizedParam: undefined
}
[2026-04-14T16:50:36.542] [DEBUG] debug-file - hvigorfile, require result:  { default: { system: [Function: appTasks], plugins: [] } }
[2026-04-14T16:50:36.546] [DEBUG] debug-file - Starting plugin build process
[2026-04-14T16:50:36.847] [DEBUG] debug-file - Start initialize project's product build option map with build mode debug.
[2026-04-14T16:50:36.843] [DEBUG] debug-file - App plugin register hook start...
[2026-04-14T16:50:36.887] [DEBUG] debug-file - Start recording SDK configuration permission data.
[2026-04-14T16:50:36.856] [DEBUG] debug-file - Obtain build option for product 'default'in this build.
[2026-04-14T16:50:36.965] [DEBUG] debug-file - Project task initialization takes 16 ms 
[2026-04-14T16:50:36.982] [DEBUG] debug-file - failed to load cangjie to dynamically generate schemas: Error: Cannot find module '@ohos/cangjie-build-support/index'
Require stack:
- D:\editor\Huawei\DevEco Studio\tools\hvigor\hvigor-ohos-plugin\src\plugin\hooks\cangjie-register.js
- D:\editor\Huawei\DevEco Studio\tools\hvigor\hvigor-ohos-plugin\src\plugin\strategy\stage-init-strategy.js
- D:\editor\Huawei\DevEco Studio\tools\hvigor\hvigor-ohos-plugin\src\plugin\builder\abstract-plugin-builder.js
- D:\editor\Huawei\DevEco Studio\tools\hvigor\hvigor-ohos-plugin\src\plugin\builder\app-plugin-builder.js
- D:\editor\Huawei\DevEco Studio\tools\hvigor\hvigor-ohos-plugin\src\plugin\factory\plugin-factory.js
- D:\editor\Huawei\DevEco Studio\tools\hvigor\hvigor-ohos-plugin\index.js
- D:\code\code\class\huawei\audio-volume-management\hvigorfile.ts
- D:\editor\Huawei\DevEco Studio\tools\hvigor\hvigor\src\base\internal\lifecycle\configuration.js
- D:\editor\Huawei\DevEco Studio\tools\hvigor\hvigor\src\base\boot\index.js
- D:\editor\Huawei\DevEco Studio\tools\hvigor\hvigor\src\cli\main\cli.js
- D:\editor\Huawei\DevEco Studio\tools\hvigor\hvigor\bin\hvigor.js
[2026-04-14T16:50:31.522] [DEBUG] debug-file - env: hvigor-config.json5 content = {
  modelVersion: '6.0.2',
  dependencies: {},
  execution: {},
  logging: {},
  debugging: {},
  nodeOptions: {}
}
[2026-04-14T16:50:37.011] [DEBUG] debug-file - Start initialize module-target build option map, moduleName=entry, buildMode=debug
[2026-04-14T16:50:37.031] [DEBUG] debug-file - start to load updatedOhPackageInfo to the disk
[2026-04-14T16:50:37.027] [DEBUG] debug-file - project has submodules:entry
[2026-04-14T16:50:37.059] [DEBUG] debug-file - Start to initialize dependency information.
[2026-04-14T16:50:32.244] [DEBUG] debug-file - Since current hvigor version 6.22.4 differs from last hvigor version 
      undefined, delete file-cache.json and task-cache.json.
[2026-04-14T16:50:37.078] [DEBUG] debug-file - entry : clean cost memory 0.1134033203125
[2026-04-14T16:50:37.121] [DEBUG] debug-file - Create  resident worker with id: 0.
[2026-04-14T16:50:36.543] [DEBUG] debug-file - hvigorfile, binding system plugins [Function: appTasks]
[2026-04-14T16:50:36.546] [DEBUG] debug-file - App plugin prepare start...
[2026-04-14T16:50:36.847] [DEBUG] debug-file - Picking option from product 'default' with build mode 'debug'.
[2026-04-14T16:50:36.843] [DEBUG] debug-file - App plugin register hook end...
[2026-04-14T16:50:36.947] [DEBUG] debug-file - Sdk init in 76 ms 
[2026-04-14T16:50:36.858] [DEBUG] debug-file - not found resModel json file in : D:\code\code\class\huawei\audio-volume-management\entry\src\ohosTest\module.json5
[2026-04-14T16:50:36.966] [DEBUG] debug-file - hvigorfile, binding custom plugins []
[2026-04-14T16:50:31.526] [DEBUG] debug-file - env: daemon=false
[2026-04-14T16:50:37.011] [DEBUG] debug-file - Target 'default' config initialized
[2026-04-14T16:50:37.050] [DEBUG] debug-file - load to the disk finished
[2026-04-14T16:50:37.064] [DEBUG] debug-file - Module entry Collected Dependency: 
[2026-04-14T16:50:32.245] [DEBUG] debug-file - Cache service initialization finished in 1 ms 
[2026-04-14T16:50:37.079] [DEBUG] debug-file - runTaskFromQueue task cost before running: 4 s 852 ms 
[2026-04-14T16:50:37.125] [DEBUG] debug-file - Create  resident worker with id: 1.
[2026-04-14T16:50:36.547] [DEBUG] debug-file - App plugin prepare end...
[2026-04-14T16:50:36.848] [DEBUG] debug-file - Product 'default' build option initialized
[2026-04-14T16:50:36.844] [DEBUG] debug-file - Plugin build process completed
[2026-04-14T16:50:36.869] [DEBUG] debug-file - No signingConfig found, initRemoteHspCache failed.
[2026-04-14T16:50:36.966] [DEBUG] debug-file - hvigorfile, no custom plugins were found in D:\code\code\class\huawei\audio-volume-management\hvigorfile.ts
[2026-04-14T16:50:31.526] [DEBUG] debug-file - no-daemon, use the parent process.execArgv --max-old-space-size=8192,--max-semi-space-size=16,--expose-gc
[2026-04-14T16:50:37.013] [DEBUG] debug-file - Target 'ohosTest' config initialized
[2026-04-14T16:50:32.247] [DEBUG] debug-file - hvigorfile, resolving D:\code\code\class\huawei\audio-volume-management\hvigorfile.ts
[2026-04-14T16:50:37.081] [INFO] debug-file - Finished :entry:clean... after 5 ms 
[2026-04-14T16:50:37.128] [DEBUG] debug-file - Current worker pool is stopped or closed.
[2026-04-14T16:50:36.547] [DEBUG] debug-file - App plugin creating...
[2026-04-14T16:50:36.848] [DEBUG] debug-file - End initialize project's product build option map with build mode 'debug'.
[2026-04-14T16:50:36.873] [DEBUG] debug-file - Local scan or download HarmonyOS sdk components toolchains,ets,js,native,previewer
[2026-04-14T16:50:36.966] [DEBUG] debug-file - hvigorfile, resolve finished D:\code\code\class\huawei\audio-volume-management\hvigorfile.ts
[2026-04-14T16:50:37.064] [DEBUG] debug-file - Module entry's total dependency: 0
[2026-04-14T16:50:37.052] [DEBUG] debug-file - Start to initialize dependency information.
[2026-04-14T16:50:37.082] [DEBUG] debug-file - Executing task ::clean
[2026-04-14T16:50:37.013] [DEBUG] debug-file - Module 'entry' target 'default' build option initialized
[2026-04-14T16:50:37.128] [DEBUG] debug-file - Clear worker 0.
[2026-04-14T16:50:36.879] [DEBUG] debug-file - Local scan or download hmscore sdk components toolchains,ets,native
[2026-04-14T16:50:36.967] [DEBUG] debug-file - hvigorfile, resolving D:\code\code\class\huawei\audio-volume-management\entry\hvigorfile.ts
[2026-04-14T16:50:37.082] [DEBUG] debug-file - clean: Worker pool is inactive.
[2026-04-14T16:50:37.013] [DEBUG] debug-file - Module 'entry' target 'ohosTest' build option initialized
[2026-04-14T16:50:37.056] [DEBUG] debug-file - Module audio-volume-management Collected Dependency: 
[2026-04-14T16:50:37.070] [DEBUG] debug-file - Configuration phase cost:4 s 825 ms 
[2026-04-14T16:50:36.978] [DEBUG] debug-file - hvigorfile, require result:  { default: { system: [Function: hapTasks], plugins: [] } }
[2026-04-14T16:50:37.128] [DEBUG] debug-file - Worker 0 has been cleared.
[2026-04-14T16:50:37.082] [DEBUG] debug-file - audio-volume-management : clean cost memory 0.02042388916015625
[2026-04-14T16:50:37.013] [DEBUG] debug-file - End initialize module-target build option map, moduleName=entry
[2026-04-14T16:50:37.074] [DEBUG] debug-file - Configuration task cost before running: 4 s 847 ms 
[2026-04-14T16:50:37.056] [DEBUG] debug-file - Module audio-volume-management's total dependency: 0
[2026-04-14T16:50:37.013] [DEBUG] debug-file - Start initialize module-target build option map, moduleName=entry, buildMode=release
[2026-04-14T16:50:37.082] [DEBUG] debug-file - runTaskFromQueue task cost before running: 4 s 856 ms 
[2026-04-14T16:50:37.129] [DEBUG] debug-file - Current idle worker size: 1.
[2026-04-14T16:50:37.083] [INFO] debug-file - Finished ::clean... after 1 ms 
[2026-04-14T16:50:37.129] [DEBUG] debug-file - Current busy worker size: 0.
[2026-04-14T16:50:36.978] [DEBUG] debug-file - hvigorfile, binding system plugins [Function: hapTasks]
[2026-04-14T16:50:37.074] [DEBUG] debug-file - Executing task :entry:clean
[2026-04-14T16:50:37.013] [DEBUG] debug-file - Target 'default' config initialized
[2026-04-14T16:50:37.083] [DEBUG] debug-file - Executing task :entry:init
[2026-04-14T16:50:36.978] [DEBUG] debug-file - Starting plugin build process
[2026-04-14T16:50:37.129] [DEBUG] debug-file - Clear worker 1.
[2026-04-14T16:50:37.075] [DEBUG] debug-file - clean: Worker pool is inactive.
[2026-04-14T16:50:36.978] [DEBUG] debug-file - Hap plugin creating...
[2026-04-14T16:50:37.129] [DEBUG] debug-file - Worker 1 has been cleared.
[2026-04-14T16:50:37.014] [DEBUG] debug-file - Target 'ohosTest' config initialized
[2026-04-14T16:50:37.083] [DEBUG] debug-file - entry : init cost memory 0.01265716552734375
[2026-04-14T16:50:37.014] [DEBUG] debug-file - Module 'entry' target 'default' build option initialized
[2026-04-14T16:50:37.129] [DEBUG] debug-file - Current idle worker size: 0.
[2026-04-14T16:50:37.084] [DEBUG] debug-file - runTaskFromQueue task cost before running: 4 s 857 ms 
[2026-04-14T16:50:37.014] [DEBUG] debug-file - Module 'entry' target 'ohosTest' build option initialized
[2026-04-14T16:50:37.129] [DEBUG] debug-file - Current busy worker size: 0.
[2026-04-14T16:50:37.084] [INFO] debug-file - Finished :entry:init... after 1 ms 
[2026-04-14T16:50:37.084] [DEBUG] debug-file - Executing task ::init
[2026-04-14T16:50:37.130] [DEBUG] debug-file - hvigor build process will be closed.
[2026-04-14T16:50:37.014] [DEBUG] debug-file - End initialize module-target build option map, moduleName=entry
[2026-04-14T16:50:37.084] [DEBUG] debug-file - audio-volume-management : init cost memory 0.01143646240234375
[2026-04-14T16:50:37.134] [DEBUG] debug-file - worker[0] exits with exit code 0.
[2026-04-14T16:50:37.014] [DEBUG] debug-file - Start initialize module-target build option map, moduleName=entry, buildMode=debug
[2026-04-14T16:50:37.084] [DEBUG] debug-file - runTaskFromQueue task cost before running: 4 s 858 ms 
[2026-04-14T16:50:37.136] [DEBUG] debug-file - worker[1] exits with exit code 0.
[2026-04-14T16:50:37.014] [DEBUG] debug-file - Target 'default' config initialized
[2026-04-14T16:50:37.084] [INFO] debug-file - Finished ::init... after 1 ms 
[2026-04-14T16:50:37.138] [DEBUG] debug-file - Current worker pool is terminated.
[2026-04-14T16:50:37.015] [DEBUG] debug-file - Target 'ohosTest' config initialized
[2026-04-14T16:50:37.096] [DEBUG] debug-file - Obtain build option for module 'entry' target 'default'in this build.
[2026-04-14T16:50:37.015] [DEBUG] debug-file - Module 'entry' target 'default' build option initialized
[2026-04-14T16:50:37.096] [DEBUG] debug-file - Obtain build option for module 'entry' target 'ohosTest'in this build.
[2026-04-14T16:50:37.015] [DEBUG] debug-file - Module 'entry' target 'ohosTest' build option initialized
[2026-04-14T16:50:37.108] [DEBUG] debug-file - Since there is no instance or instance is terminated, create a new worker pool.
[2026-04-14T16:50:37.015] [DEBUG] debug-file - End initialize module-target build option map, moduleName=entry
[2026-04-14T16:50:37.108] [DEBUG] debug-file - Worker pool is initialized with config:  {
  minPoolNum: 2,
  maxPoolNum: undefined,
  maxCoreSize: undefined,
  cacheCapacity: undefined,
  cacheTtl: undefined
}
[2026-04-14T16:50:37.016] [DEBUG] debug-file - Obtain build option for module 'entry' target 'default'in this build.
[2026-04-14T16:50:37.024] [DEBUG] debug-file - Module entry task initialization takes 7 ms 
[2026-04-14T16:50:37.024] [DEBUG] debug-file - Hap plugin register hook start...
[2026-04-14T16:50:37.024] [DEBUG] debug-file - Hap plugin register hook end...
[2026-04-14T16:50:37.024] [DEBUG] debug-file - Plugin build process completed
[2026-04-14T16:50:37.024] [DEBUG] debug-file - hvigorfile, binding custom plugins []
[2026-04-14T16:50:37.024] [DEBUG] debug-file - hvigorfile, no custom plugins were found in D:\code\code\class\huawei\audio-volume-management\entry\hvigorfile.ts
[2026-04-14T16:50:37.024] [DEBUG] debug-file - hvigorfile, resolve finished D:\code\code\class\huawei\audio-volume-management\entry\hvigorfile.ts
[2026-04-14T16:51:31.273] [DEBUG] debug-file - env: nodejsVersion=v18.20.1
[2026-04-14T16:51:31.433] [DEBUG] debug-file - env: daemon=true
[2026-04-14T16:51:31.276] [DEBUG] debug-file - env: hvigor-config.json5 content = {
  modelVersion: '6.0.2',
  dependencies: {},
  execution: {},
  logging: {},
  debugging: {},
  nodeOptions: {}
}
[2026-04-14T16:51:33.018] [DEBUG] debug-file - java daemon tryConnect failed Error: connect ECONNREFUSED 127.0.0.1:45050
[2026-04-14T16:51:33.035] [DEBUG] debug-file - java daemon started at port 45050 pid 19384
[2026-04-14T16:51:33.086] [DEBUG] debug-file - session manager: set active socket. socketId=bFIQXqNWz3EHzn7pAAAB
[2026-04-14T16:51:34.554] [DEBUG] debug-file - watch worker: worker id should be larger than 0. Nothing will be sent to any worker thread.
[2026-04-14T16:51:34.565] [DEBUG] debug-file - Since there is no instance or instance is terminated, create a new worker pool.
[2026-04-14T16:51:34.566] [DEBUG] debug-file - Worker pool is initialized with config:  {
  minPoolNum: 2,
  maxPoolNum: undefined,
  maxCoreSize: undefined,
  cacheCapacity: undefined,
  cacheTtl: undefined
}
[2026-04-14T16:51:34.569] [DEBUG] debug-file - Create  resident worker with id: 0.
[2026-04-14T16:51:34.572] [DEBUG] debug-file - Create  resident worker with id: 1.
[2026-04-14T16:51:34.576] [DEBUG] debug-file - Workers' log level updated to INFO
[2026-04-14T16:51:34.591] [DEBUG] debug-file - Hvigor init with startParameters:{
  hvigorfileTypeCheck: false,
  parallelExecution: true,
  incrementalExecution: true,
  printStackTrace: false,
  daemon: true,
  analyze: 0,
  logLevel: Level { level: 20000, levelStr: 'INFO', colour: 'green' },
  optimizationStrategy: 'memory',
  hotCompile: undefined,
  hotReloadBuild: undefined,
  customizedParam: undefined
}
[2026-04-14T16:51:34.594] [DEBUG] debug-file - Cache service initialization finished in 2 ms 
[2026-04-14T16:51:34.599] [DEBUG] debug-file - hvigorfile, resolving D:\code\code\class\huawei\audio-volume-management\hvigorfile.ts
[2026-04-14T16:51:43.488] [DEBUG] debug-file - hvigorfile, require result:  { default: { plugins: [] } }
[2026-04-14T16:51:43.489] [DEBUG] debug-file - hvigorfile, binding system plugins null
[2026-04-14T16:51:43.492] [DEBUG] debug-file - Starting plugin build process
[2026-04-14T16:51:43.493] [DEBUG] debug-file - App plugin prepare start...
[2026-04-14T16:51:43.494] [DEBUG] debug-file - App plugin prepare end...
[2026-04-14T16:51:43.494] [DEBUG] debug-file - App plugin creating...
[2026-04-14T16:51:44.286] [DEBUG] debug-file - App plugin register hook start...
[2026-04-14T16:51:44.288] [DEBUG] debug-file - App plugin register hook end...
[2026-04-14T16:51:44.288] [DEBUG] debug-file - Plugin build process completed
[2026-04-14T16:51:44.295] [DEBUG] debug-file - Start initialize project's product build option map with build mode debug.
[2026-04-14T16:51:44.295] [DEBUG] debug-file - Picking option from product 'default' with build mode 'debug'.
[2026-04-14T16:51:44.298] [DEBUG] debug-file - Product 'default' build option initialized
[2026-04-14T16:51:44.298] [DEBUG] debug-file - End initialize project's product build option map with build mode 'debug'.
[2026-04-14T16:51:44.310] [DEBUG] debug-file - Obtain build option for product 'default'in this build.
[2026-04-14T16:51:44.317] [DEBUG] debug-file - not found resModel json file in : D:\code\code\class\huawei\audio-volume-management\entry\src\ohosTest\module.json5
[2026-04-14T16:51:44.350] [DEBUG] debug-file - No signingConfig found, initRemoteHspCache failed.
[2026-04-14T16:51:44.361] [DEBUG] debug-file - Local scan or download HarmonyOS sdk components toolchains,ets,js,native,previewer
[2026-04-14T16:51:44.382] [DEBUG] debug-file - Local scan or download hmscore sdk components toolchains,ets,native
[2026-04-14T16:51:44.395] [DEBUG] debug-file - Start recording SDK configuration permission data.
[2026-04-14T16:51:44.542] [DEBUG] debug-file - Sdk init in 185 ms 
[2026-04-14T16:51:44.575] [DEBUG] debug-file - Project task initialization takes 27 ms 
[2026-04-14T16:51:44.576] [DEBUG] debug-file - hvigorfile, binding custom plugins []
[2026-04-14T16:51:44.576] [DEBUG] debug-file - hvigorfile, no custom plugins were found in D:\code\code\class\huawei\audio-volume-management\hvigorfile.ts
[2026-04-14T16:51:44.576] [DEBUG] debug-file - hvigorfile, resolve finished D:\code\code\class\huawei\audio-volume-management\hvigorfile.ts
[2026-04-14T16:51:44.578] [DEBUG] debug-file - hvigorfile, resolving D:\code\code\class\huawei\audio-volume-management\entry\hvigorfile.ts
[2026-04-14T16:51:44.607] [DEBUG] debug-file - hvigorfile, require result:  { default: { plugins: [] } }
[2026-04-14T16:51:44.607] [DEBUG] debug-file - hvigorfile, binding system plugins null
[2026-04-14T16:51:44.608] [DEBUG] debug-file - Starting plugin build process
[2026-04-14T16:51:44.608] [DEBUG] debug-file - Hap plugin creating...
[2026-04-14T16:51:44.615] [DEBUG] debug-file - failed to load cangjie to dynamically generate schemas: Error: Cannot find module '@ohos/cangjie-build-support/index'
Require stack:
- D:\editor\Huawei\DevEco Studio\tools\hvigor\hvigor-ohos-plugin\src\plugin\hooks\cangjie-register.js
- D:\editor\Huawei\DevEco Studio\tools\hvigor\hvigor-ohos-plugin\src\plugin\strategy\stage-init-strategy.js
- D:\editor\Huawei\DevEco Studio\tools\hvigor\hvigor-ohos-plugin\src\plugin\builder\abstract-plugin-builder.js
- D:\editor\Huawei\DevEco Studio\tools\hvigor\hvigor-ohos-plugin\src\plugin\builder\app-plugin-builder.js
- D:\editor\Huawei\DevEco Studio\tools\hvigor\hvigor-ohos-plugin\src\plugin\factory\plugin-factory.js
- D:\editor\Huawei\DevEco Studio\tools\hvigor\hvigor-ohos-plugin\index.js
- D:\code\code\class\huawei\audio-volume-management\hvigorfile.ts
- D:\editor\Huawei\DevEco Studio\tools\hvigor\hvigor\src\base\internal\lifecycle\configuration.js
- D:\editor\Huawei\DevEco Studio\tools\hvigor\hvigor\src\base\boot\index.js
- D:\editor\Huawei\DevEco Studio\tools\hvigor\hvigor\src\base\daemon\cluster\worker-process-lifecycle.js
- D:\editor\Huawei\DevEco Studio\tools\hvigor\hvigor\src\base\daemon\process\daemon-process-boot-script.js
[2026-04-14T16:51:44.679] [DEBUG] debug-file - Start initialize module-target build option map, moduleName=entry, buildMode=debug
[2026-04-14T16:51:44.680] [DEBUG] debug-file - Target 'default' config initialized
[2026-04-14T16:51:44.682] [DEBUG] debug-file - Target 'ohosTest' config initialized
[2026-04-14T16:51:44.682] [DEBUG] debug-file - Module 'entry' target 'default' build option initialized
[2026-04-14T16:51:44.683] [DEBUG] debug-file - Module 'entry' target 'ohosTest' build option initialized
[2026-04-14T16:51:44.683] [DEBUG] debug-file - End initialize module-target build option map, moduleName=entry
[2026-04-14T16:51:44.683] [DEBUG] debug-file - Start initialize module-target build option map, moduleName=entry, buildMode=release
[2026-04-14T16:51:44.683] [DEBUG] debug-file - Target 'default' config initialized
[2026-04-14T16:51:44.684] [DEBUG] debug-file - Target 'ohosTest' config initialized
[2026-04-14T16:51:44.685] [DEBUG] debug-file - Module 'entry' target 'default' build option initialized
[2026-04-14T16:51:44.685] [DEBUG] debug-file - Module 'entry' target 'ohosTest' build option initialized
[2026-04-14T16:51:44.685] [DEBUG] debug-file - End initialize module-target build option map, moduleName=entry
[2026-04-14T16:51:44.686] [DEBUG] debug-file - Start initialize module-target build option map, moduleName=entry, buildMode=debug
[2026-04-14T16:51:44.686] [DEBUG] debug-file - Target 'default' config initialized
[2026-04-14T16:51:44.688] [DEBUG] debug-file - Target 'ohosTest' config initialized
[2026-04-14T16:51:44.689] [DEBUG] debug-file - Module 'entry' target 'default' build option initialized
[2026-04-14T16:51:44.690] [DEBUG] debug-file - Module 'entry' target 'ohosTest' build option initialized
[2026-04-14T16:51:44.690] [DEBUG] debug-file - End initialize module-target build option map, moduleName=entry
[2026-04-14T16:51:44.691] [DEBUG] debug-file - Obtain build option for module 'entry' target 'default'in this build.
[2026-04-14T16:51:44.720] [DEBUG] debug-file - Module entry task initialization takes 24 ms 
[2026-04-14T16:51:44.721] [DEBUG] debug-file - Hap plugin register hook start...
[2026-04-14T16:51:44.721] [DEBUG] debug-file - Hap plugin register hook end...
[2026-04-14T16:51:44.721] [DEBUG] debug-file - Plugin build process completed
[2026-04-14T16:51:44.721] [DEBUG] debug-file - hvigorfile, binding custom plugins []
[2026-04-14T16:51:44.721] [DEBUG] debug-file - hvigorfile, no custom plugins were found in D:\code\code\class\huawei\audio-volume-management\entry\hvigorfile.ts
[2026-04-14T16:51:44.721] [DEBUG] debug-file - hvigorfile, resolve finished D:\code\code\class\huawei\audio-volume-management\entry\hvigorfile.ts
[2026-04-14T16:51:44.823] [DEBUG] debug-file - hvigorfile, resolve hvigorfile dependencies in 101 ms 
[2026-04-14T16:51:44.824] [DEBUG] debug-file - project has submodules:entry
[2026-04-14T16:51:44.835] [DEBUG] debug-file - start to load updatedOhPackageInfo to the disk
[2026-04-14T16:51:44.860] [DEBUG] debug-file - load to the disk finished
[2026-04-14T16:51:44.863] [DEBUG] debug-file - Start to initialize dependency information.
[2026-04-14T16:51:44.877] [DEBUG] debug-file - Module audio-volume-management Collected Dependency: 
[2026-04-14T16:51:44.877] [DEBUG] debug-file - Module audio-volume-management's total dependency: 0
[2026-04-14T16:51:44.881] [DEBUG] debug-file - Start to initialize dependency information.
[2026-04-14T16:51:44.897] [DEBUG] debug-file - Module entry Collected Dependency: 
[2026-04-14T16:51:44.897] [DEBUG] debug-file - Module entry's total dependency: 0
[2026-04-14T16:51:44.916] [DEBUG] debug-file - Configuration phase cost:10 s 321 ms 
[2026-04-14T16:51:44.926] [DEBUG] debug-file - Configuration task cost before running: 10 s 349 ms 
[2026-04-14T16:51:44.954] [DEBUG] debug-file - Executing task :entry:default@PreBuild
[2026-04-14T16:51:44.959] [DEBUG] debug-file - Task 'entry:default@PreBuild' cost while wrapping incremental declarations: 1 ms 
[2026-04-14T16:51:45.511] [DEBUG] debug-file - current product is not Atomic service.
[2026-04-14T16:51:45.513] [DEBUG] debug-file - Use tool [win32: JAVA_HOME, CLASSPATH]
 [
  { JAVA_HOME: 'D:\\editor\\Huawei\\DevEco Studio\\jbr' },
  { CLASSPATH: undefined }
]
[2026-04-14T16:51:45.514] [DEBUG] debug-file - Use tool [win32: NODE_HOME]
 [ { NODE_HOME: 'D:\\editor\\Huawei\\DevEco Studio\\tools\\node' } ]
[2026-04-14T16:51:45.516] [DEBUG] debug-file - entry : default@PreBuild cost memory 8.469345092773438
[2026-04-14T16:51:45.517] [DEBUG] debug-file - runTaskFromQueue task cost before running: 10 s 940 ms 
[2026-04-14T16:51:45.530] [INFO] debug-file - Finished :entry:default@PreBuild... after 563 ms 
[2026-04-14T16:51:45.534] [DEBUG] debug-file - Executing task :entry:default@CreateModuleInfo
[2026-04-14T16:51:45.535] [DEBUG] debug-file - Task 'entry:default@CreateModuleInfo' cost while wrapping incremental declarations: 2 ms 
[2026-04-14T16:51:45.537] [DEBUG] debug-file - entry : default@CreateModuleInfo cost memory 0.0460662841796875
[2026-04-14T16:51:45.538] [DEBUG] debug-file - runTaskFromQueue task cost before running: 10 s 961 ms 
[2026-04-14T16:51:45.539] [INFO] debug-file - Finished :entry:default@CreateModuleInfo... after 5 ms 
[2026-04-14T16:51:45.544] [DEBUG] debug-file - Executing task :entry:default@GenerateMetadata
[2026-04-14T16:51:45.548] [DEBUG] debug-file - Task 'entry:default@GenerateMetadata' cost while wrapping incremental declarations: 3 ms 
[2026-04-14T16:51:45.562] [DEBUG] debug-file - entry : default@GenerateMetadata cost memory 0.0700836181640625
[2026-04-14T16:51:45.563] [DEBUG] debug-file - runTaskFromQueue task cost before running: 10 s 986 ms 
[2026-04-14T16:51:45.564] [INFO] debug-file - Finished :entry:default@GenerateMetadata... after 19 ms 
[2026-04-14T16:51:45.570] [DEBUG] debug-file - Executing task :entry:default@ConfigureCmake
[2026-04-14T16:51:45.571] [DEBUG] debug-file - entry : default@ConfigureCmake cost memory 0.01446533203125
[2026-04-14T16:51:45.571] [DEBUG] debug-file - runTaskFromQueue task cost before running: 10 s 994 ms 
[2026-04-14T16:51:45.571] [INFO] debug-file - Finished :entry:default@ConfigureCmake... after 1 ms 
[2026-04-14T16:51:45.577] [DEBUG] debug-file - Executing task :entry:default@MergeProfile
[2026-04-14T16:51:45.579] [DEBUG] debug-file - Task 'entry:default@MergeProfile' cost while wrapping incremental declarations: 1 ms 
[2026-04-14T16:51:45.583] [DEBUG] debug-file - Change app api release type with 'Release'
[2026-04-14T16:51:45.584] [DEBUG] debug-file - Change app compile API version with '6.0.2.130'
[2026-04-14T16:51:45.584] [DEBUG] debug-file - Change app target API version with '60002022'
[2026-04-14T16:51:45.584] [DEBUG] debug-file - Change app minimum API version with '60001021'
[2026-04-14T16:51:45.585] [DEBUG] debug-file - Use cli appEnvironment
[2026-04-14T16:51:45.593] [DEBUG] debug-file - entry : default@MergeProfile cost memory 0.2881011962890625
[2026-04-14T16:51:45.593] [DEBUG] debug-file - runTaskFromQueue task cost before running: 11 s 16 ms 
[2026-04-14T16:51:45.594] [INFO] debug-file - Finished :entry:default@MergeProfile... after 17 ms 
[2026-04-14T16:51:45.600] [DEBUG] debug-file - Executing task :entry:default@CreateBuildProfile
[2026-04-14T16:51:45.602] [DEBUG] debug-file - Task 'entry:default@CreateBuildProfile' cost while wrapping incremental declarations: 2 ms 
[2026-04-14T16:51:45.609] [DEBUG] debug-file - entry : default@CreateBuildProfile cost memory 0.0728607177734375
[2026-04-14T16:51:45.610] [DEBUG] debug-file - runTaskFromQueue task cost before running: 11 s 33 ms 
[2026-04-14T16:51:45.611] [INFO] debug-file - Finished :entry:default@CreateBuildProfile... after 11 ms 
[2026-04-14T16:51:45.617] [DEBUG] debug-file - Executing task :entry:default@PreCheckSyscap
[2026-04-14T16:51:45.618] [DEBUG] debug-file - entry : default@PreCheckSyscap cost memory 0.01470184326171875
[2026-04-14T16:51:45.618] [DEBUG] debug-file - runTaskFromQueue task cost before running: 11 s 41 ms 
[2026-04-14T16:51:45.619] [INFO] debug-file - Finished :entry:default@PreCheckSyscap... after 1 ms 
[2026-04-14T16:51:45.629] [DEBUG] debug-file - Executing task :entry:default@GeneratePkgContextInfo
[2026-04-14T16:51:45.654] [DEBUG] debug-file - Task 'entry:default@GeneratePkgContextInfo' cost while wrapping incremental declarations: 1 ms 
[2026-04-14T16:51:45.659] [DEBUG] debug-file - entry : default@GeneratePkgContextInfo cost memory 0.428436279296875
[2026-04-14T16:51:45.660] [DEBUG] debug-file - runTaskFromQueue task cost before running: 11 s 83 ms 
[2026-04-14T16:51:45.661] [INFO] debug-file - Finished :entry:default@GeneratePkgContextInfo... after 31 ms 
[2026-04-14T16:51:45.687] [DEBUG] debug-file - Executing task :entry:default@ProcessIntegratedHsp
[2026-04-14T16:51:45.689] [DEBUG] debug-file - entry : default@ProcessIntegratedHsp cost memory 0.0309600830078125
[2026-04-14T16:51:45.690] [DEBUG] debug-file - runTaskFromQueue task cost before running: 11 s 113 ms 
[2026-04-14T16:51:45.690] [INFO] debug-file - Finished :entry:default@ProcessIntegratedHsp... after 4 ms 
[2026-04-14T16:51:45.697] [DEBUG] debug-file - Executing task :entry:default@BuildNativeWithCmake
[2026-04-14T16:51:45.699] [DEBUG] debug-file - entry : default@BuildNativeWithCmake cost memory 0.014862060546875
[2026-04-14T16:51:45.700] [DEBUG] debug-file - runTaskFromQueue task cost before running: 11 s 123 ms 
[2026-04-14T16:51:45.701] [INFO] debug-file - Finished :entry:default@BuildNativeWithCmake... after 3 ms 
[2026-04-14T16:51:45.708] [DEBUG] debug-file - Executing task :entry:default@MakePackInfo
[2026-04-14T16:51:45.721] [DEBUG] debug-file - Module Pack Info:  {
  summary: {
    app: { bundleName: 'c***t', bundleType: 'app', version: [Object] },
    modules: [ [Object] ]
  },
  packages: [
    {
      deviceType: [Array],
      moduleType: 'entry',
      deliveryWithInstall: true,
      name: 'entry-default'
    }
  ]
}
[2026-04-14T16:51:45.727] [DEBUG] debug-file - entry : default@MakePackInfo cost memory 0.14931488037109375
[2026-04-14T16:51:45.728] [DEBUG] debug-file - runTaskFromQueue task cost before running: 11 s 151 ms 
[2026-04-14T16:51:45.732] [INFO] debug-file - Finished :entry:default@MakePackInfo... after 20 ms 
[2026-04-14T16:51:45.735] [DEBUG] debug-file - Executing task :entry:default@SyscapTransform
[2026-04-14T16:51:45.736] [DEBUG] debug-file - File: 'D:\code\code\class\huawei\audio-volume-management\entry\src\main\syscap.json' from 'sysCapJsonPath' is not exists, just ignore.
[2026-04-14T16:51:45.738] [DEBUG] debug-file - Task 'entry:default@SyscapTransform' cost while wrapping incremental declarations: 3 ms 
[2026-04-14T16:51:45.740] [DEBUG] debug-file - entry : default@SyscapTransform cost memory 0.05832672119140625
[2026-04-14T16:51:45.740] [DEBUG] debug-file - runTaskFromQueue task cost before running: 11 s 163 ms 
[2026-04-14T16:51:45.741] [INFO] debug-file - Finished :entry:default@SyscapTransform... after 5 ms 
[2026-04-14T16:51:45.749] [DEBUG] debug-file - Executing task :entry:default@ProcessProfile
[2026-04-14T16:51:45.756] [DEBUG] debug-file - Task 'entry:default@ProcessProfile' cost while wrapping incremental declarations: 1 ms 
[2026-04-14T16:51:45.763] [DEBUG] debug-file - [
  'D:\\editor\\Huawei\\DevEco Studio\\tools\\node\\node.exe',
  'D:\\editor\\Huawei\\DevEco Studio\\sdk\\default\\openharmony\\ets\\build-tools\\ets-loader\\bin\\ark\\ts2abc.js',
  '--target-api-version',
  '21'
]
[2026-04-14T16:51:46.111] [DEBUG] debug-file - 13.0.1.0
[2026-04-14T16:51:46.119] [DEBUG] debug-file - No need to add fake ui ability because of not in preview process.
[2026-04-14T16:51:46.123] [DEBUG] debug-file - entry : default@ProcessProfile cost memory 1.8886947631835938
[2026-04-14T16:51:46.124] [DEBUG] debug-file - runTaskFromQueue task cost before running: 11 s 547 ms 
[2026-04-14T16:51:46.125] [INFO] debug-file - Finished :entry:default@ProcessProfile... after 375 ms 
[2026-04-14T16:51:46.132] [DEBUG] debug-file - Executing task :entry:default@ProcessRouterMap
[2026-04-14T16:51:46.160] [DEBUG] debug-file - entry : default@ProcessRouterMap cost memory 0.19940185546875
[2026-04-14T16:51:46.161] [DEBUG] debug-file - runTaskFromQueue task cost before running: 11 s 584 ms 
[2026-04-14T16:51:46.164] [INFO] debug-file - Finished :entry:default@ProcessRouterMap... after 29 ms 
[2026-04-14T16:51:46.170] [DEBUG] debug-file - Executing task :entry:default@ProcessShareConfig
[2026-04-14T16:51:46.181] [DEBUG] debug-file - entry : default@ProcessShareConfig cost memory 0.08596038818359375
[2026-04-14T16:51:46.182] [DEBUG] debug-file - runTaskFromQueue task cost before running: 11 s 605 ms 
[2026-04-14T16:51:46.183] [INFO] debug-file - Finished :entry:default@ProcessShareConfig... after 12 ms 
[2026-04-14T16:51:46.186] [DEBUG] debug-file - Executing task :entry:default@ProcessStartupConfig
[2026-04-14T16:51:46.187] [DEBUG] debug-file - Task 'entry:default@ProcessStartupConfig' cost while wrapping incremental declarations: 1 ms 
[2026-04-14T16:51:46.192] [DEBUG] debug-file - entry : default@ProcessStartupConfig cost memory 0.08939361572265625
[2026-04-14T16:51:46.192] [DEBUG] debug-file - runTaskFromQueue task cost before running: 11 s 615 ms 
[2026-04-14T16:51:46.193] [INFO] debug-file - Finished :entry:default@ProcessStartupConfig... after 6 ms 
[2026-04-14T16:51:46.196] [DEBUG] debug-file - Executing task :entry:default@BuildNativeWithNinja
[2026-04-14T16:51:46.202] [DEBUG] debug-file - entry : default@BuildNativeWithNinja cost memory 0.0287628173828125
[2026-04-14T16:51:46.202] [DEBUG] debug-file - runTaskFromQueue task cost before running: 11 s 625 ms 
[2026-04-14T16:51:46.203] [INFO] debug-file - Finished :entry:default@BuildNativeWithNinja... after 6 ms 
[2026-04-14T16:51:46.207] [DEBUG] debug-file - restool module names: entry; moduleName=entry, taskName=default@ProcessResource
[2026-04-14T16:51:46.217] [DEBUG] debug-file - Executing task :entry:default@ProcessResource
[2026-04-14T16:51:46.218] [DEBUG] debug-file - Task 'entry:default@ProcessResource' cost while wrapping incremental declarations: 1 ms 
[2026-04-14T16:51:46.230] [DEBUG] debug-file - entry : default@ProcessResource cost memory 0.37404632568359375
[2026-04-14T16:51:46.236] [DEBUG] debug-file - runTaskFromQueue task cost before running: 11 s 660 ms 
[2026-04-14T16:51:46.244] [INFO] debug-file - Finished :entry:default@ProcessResource... after 21 ms 
[2026-04-14T16:51:46.259] [DEBUG] debug-file - Executing task :entry:default@GenerateLoaderJson
[2026-04-14T16:51:46.266] [DEBUG] debug-file - Task 'entry:default@GenerateLoaderJson' cost while wrapping incremental declarations: 1 ms 
[2026-04-14T16:51:46.329] [DEBUG] debug-file - entry : default@GenerateLoaderJson cost memory -11.086799621582031
[2026-04-14T16:51:46.329] [DEBUG] debug-file - runTaskFromQueue task cost before running: 11 s 753 ms 
[2026-04-14T16:51:46.345] [INFO] debug-file - Finished :entry:default@GenerateLoaderJson... after 71 ms 
[2026-04-14T16:51:46.352] [DEBUG] debug-file - Executing task :entry:default@ProcessLibs
[2026-04-14T16:51:46.376] [DEBUG] debug-file - Worker dispatch failed, running processLibs on main thread.
[2026-04-14T16:51:46.382] [DEBUG] debug-file - entry : default@ProcessLibs cost memory 0.29456329345703125
[2026-04-14T16:51:46.383] [DEBUG] debug-file - runTaskFromQueue task cost before running: 11 s 806 ms 
[2026-04-14T16:51:46.384] [INFO] debug-file - Finished :entry:default@ProcessLibs... after 31 ms 
[2026-04-14T16:51:46.388] [DEBUG] debug-file - restool module names: entry; moduleName=entry, taskName=default@CompileResource
[2026-04-14T16:51:46.391] [DEBUG] debug-file - Executing task :entry:default@CompileResource
[2026-04-14T16:51:46.426] [DEBUG] debug-file - Use tool [D:\editor\Huawei\DevEco Studio\sdk\default\openharmony\toolchains\restool.exe]
 [
  'D:\\editor\\Huawei\\DevEco Studio\\sdk\\default\\openharmony\\toolchains\\restool.exe',
  '-l',
  'D:\\code\\code\\class\\huawei\\audio-volume-management\\entry\\build\\default\\intermediates\\res\\default\\resConfig.json'
]
[2026-04-14T16:51:46.429] [DEBUG] debug-file - current process  memoryUsage: {
  rss: 248000512,
  heapTotal: 169373696,
  heapUsed: 136704672,
  external: 3014133,
  arrayBuffers: 112926
} os memoryUsage :13.727302551269531
[2026-04-14T16:51:46.736] [DEBUG] debug-file - Info: Pack: normal pack mode

[2026-04-14T16:51:46.825] [DEBUG] debug-file - Info: hardware concurrency count is : 32
Info: thread count is : 32

[2026-04-14T16:51:46.826] [DEBUG] debug-file - Info: thread pool is started

[2026-04-14T16:51:46.827] [DEBUG] debug-file - Info: GenericCompiler::CompileFiles

[2026-04-14T16:51:46.845] [DEBUG] debug-file - Info: GenericCompiler::CompileFiles

[2026-04-14T16:51:46.846] [DEBUG] debug-file - Warning: 'D:\code\code\class\huawei\audio-volume-management\entry\src\main\resources\base\media\background.png' is defined repeatedly.
Warning: 'D:\code\code\class\huawei\audio-volume-management\entry\src\main\resources\base\media\layered_image.json' is defined repeatedly.
Warning: 'D:\code\code\class\huawei\audio-volume-management\entry\src\main\resources\base\media\foreground.png' is defined repeatedly.

[2026-04-14T16:51:46.877] [DEBUG] debug-file - Info: GenericCompiler::CompileFiles

[2026-04-14T16:51:46.892] [DEBUG] debug-file - 04-14 16:51:46.891 11160  9100 E C01400/ImageTranscoderUtils: DecodeToRGBA IN
04-14 16:51:46.891 11160  9100 E C01400/ImageTranscoderUtils: ImageFilter IN D:\code\code\class\huawei\audio-volume-management\AppScope\resources\base\media\background.png

[2026-04-14T16:51:46.965] [DEBUG] debug-file - 04-14 16:51:46.964 11160  9100 E C01400/ImageTranscoderUtils: DecodeToRGBA IN
04-14 16:51:46.964 11160  9100 E C01400/ImageTranscoderUtils: ImageFilter IN D:\code\code\class\huawei\audio-volume-management\AppScope\resources\base\media\foreground.png

[2026-04-14T16:51:47.025] [DEBUG] debug-file - Info: can't scale media json file.

[2026-04-14T16:51:47.027] [DEBUG] debug-file - Warning: The width or height of the png file referenced by the icon exceeds the limit (41 pixels)
at D:\code\code\class\huawei\audio-volume-management\AppScope\resources\base\media\background.png
Warning: The width or height of the png file referenced by the icon exceeds the limit (41 pixels)
at D:\code\code\class\huawei\audio-volume-management\AppScope\resources\base\media\foreground.png
Warning: D:\code\code\class\huawei\audio-volume-management\AppScope\resources\base\media\layered_image.json is not png format

[2026-04-14T16:51:47.027] [DEBUG] debug-file - Info: restool resources compile success.

[2026-04-14T16:51:47.030] [DEBUG] debug-file - Info: thread pool is stopped

[2026-04-14T16:51:47.118] [DEBUG] debug-file - entry : default@CompileResource cost memory 1.1828765869140625
[2026-04-14T16:51:47.118] [DEBUG] debug-file - runTaskFromQueue task cost before running: 12 s 542 ms 
[2026-04-14T16:51:47.122] [INFO] debug-file - Finished :entry:default@CompileResource... after 728 ms 
[2026-04-14T16:51:47.126] [DEBUG] debug-file - Executing task :entry:default@DoNativeStrip
[2026-04-14T16:51:47.127] [DEBUG] debug-file - Task 'entry:default@DoNativeStrip' cost while wrapping incremental declarations: 2 ms 
[2026-04-14T16:51:47.137] [DEBUG] debug-file - entry : default@DoNativeStrip cost memory 0.064300537109375
[2026-04-14T16:51:47.137] [DEBUG] debug-file - runTaskFromQueue task cost before running: 12 s 561 ms 
[2026-04-14T16:51:47.138] [INFO] debug-file - Finished :entry:default@DoNativeStrip... after 12 ms 
[2026-04-14T16:51:47.143] [DEBUG] debug-file - Executing task :entry:default@CompileArkTS
[2026-04-14T16:51:47.145] [DEBUG] debug-file - obfuscationOptions: undefined
[2026-04-14T16:51:47.152] [DEBUG] debug-file - Task 'entry:default@CompileArkTS' cost while wrapping incremental declarations: 1 ms 
[2026-04-14T16:51:47.225] [DEBUG] debug-file - build config:
[2026-04-14T16:51:47.226] [DEBUG] debug-file - {
  moduleType: 'entry',
  perf: 0,
  targetName: '.default',
  packageManagerType: 'ohpm',
  localPropertiesPath: 'D:\\code\\code\\class\\huawei\\audio-volume-management\\local.properties',
  isPreview: false,
  isOhosTest: false,
  isLocalTest: false,
  buildMode: 'Debug',
  hotReloadBuild: undefined,
  watchMode: 'false',
  aceProfilePath: 'D:\\code\\code\\class\\huawei\\audio-volume-management\\entry\\build\\default\\intermediates\\res\\default\\resources\\base\\profile',
  etsLoaderPath: 'D:\\editor\\Huawei\\DevEco Studio\\sdk\\default\\openharmony\\ets\\build-tools\\ets-loader',
  modulePath: 'D:\\code\\code\\class\\huawei\\audio-volume-management\\entry',
  testFrameworkPar: {
    testMode: undefined,
    coveragePathFilter: undefined,
    coverageMode: undefined
  },
  needCoverageInsert: false,
  debugLine: false,
  projectTopDir: 'D:\\code\\code\\class\\huawei\\audio-volume-management',
  compileSdkVersion: 22,
  compatibleSdkVersion: 21,
  originCompatibleSdkVersion: '6.0.1(21)',
  compatibleSdkVersionStage: undefined,
  bundleName: 'c***t',
  etsLoaderVersion: '6.0.2.130',
  etsLoaderReleaseType: 'Release',
  aotCompileMode: 'type',
  apPath: 'D:\\code\\code\\class\\huawei\\audio-volume-management\\entry\\modules.ap',
  entryModuleName: 'entry',
  entryModuleVersion: '1.0.0',
  entryPackageName: 'entry',
  allModuleNameHash: 'd786f4a975e3e8e98013db4291e009a5037fb4a959201279ce80ebbdbf12e1f6',
  externalApiPaths: [ 'D:\\editor\\Huawei\\DevEco Studio\\sdk\\default\\hms\\ets' ],
  compilerTypes: [],
  isCrossplatform: false,
  hvigorPluginFile: undefined,
  compilePluginPath: undefined,
  buildGeneratedProfilePath: 'D:\\code\\code\\class\\huawei\\audio-volume-management\\entry\\build\\default\\generated\\profile\\default',
  bundleType: 'app',
  arkTSVersion: undefined,
  apiVersion: 22,
  needCompleteSourcesMap: false,
  isFaMode: false,
  buildDir: 'D:\\code\\code\\class\\huawei\\audio-volume-management\\entry\\build',
  deviceTypes: [ 'phone' ],
  pkgContextInfo: {
    entry: {
      packageName: 'entry',
      bundleName: '*****',
      moduleName: '',
      version: '',
      entryPath: 'src/main/',
      isSO: false,
      dependencyAlias: ''
    }
  },
  ohPackagePathMap: {},
  dependencyAliasMap: {},
  permission: { requestPermissions: undefined, definePermissions: undefined },
  useGetCurrentBundleName: false,
  projectArkOption: undefined,
  sourceMapDir: undefined,
  branchElimination: false,
  transformLib: undefined,
  tsImportSendable: false,
  resolveConflictMode: true,
  depName2RootPath: {},
  depName2DepInfo: {},
  rootPathSet: [ 'D:\\code\\code\\class\\huawei\\audio-volume-management' ],
  useNativeResolver: true,
  shouldEmitJs: true,
  useTscResolve: false,
  singleFileEmit: false,
  userProjectConfig: {
    autoLazyImport: false,
    allowEmptyBundleName: false,
    reExportCheckMode: 'noCheck',
    executionMode: 'memory',
    usePathPlaceholder: false,
    writeRollupCache: true,
    isExpandImportEnabled: false,
    expandImportExclude: '',
    lazyImportExclude: '',
    lazyImportInclude: '',
    ignoreCrossplatformCheck: false,
    isHarDeduplicateEnabled: false,
    skipOhModulesLint: false,
    enableStrictCheckOHModule: false,
    disableSendableCheckRules: [],
    useDeclarationFileSignature: false,
    customizedOptions: undefined,
    integratedHsp: false,
    isPreloadSoEnabled: false
  },
  executionMode: 'memory',
  arkCompileCachePath: 'D:\\code\\code\\class\\huawei\\audio-volume-management\\entry\\build\\default\\cache\\default\\default@CompileArkTS\\esmodule',
  autoLazyFilter: undefined,
  isHarDeduplicateEnabled: false,
  intermediateHarDuplicateDirPath: 'D:\\code\\code\\class\\huawei\\audio-volume-management\\entry\\build\\default\\intermediates\\har_duplicate\\default',
  autoLazyImport: false,
  allowEmptyBundleName: false,
  reExportCheckMode: 'noCheck',
  usePathPlaceholder: false,
  writeRollupCache: true,
  isExpandImportEnabled: false,
  expandImportExclude: '',
  lazyImportExclude: '',
  lazyImportInclude: '',
  ignoreCrossplatformCheck: false,
  skipOhModulesLint: false,
  enableStrictCheckOHModule: false,
  disableSendableCheckRules: [],
  useDeclarationFileSignature: false,
  customizedOptions: undefined,
  integratedHsp: false,
  isPreloadSoEnabled: false,
  strictMode: {
    caseSensitiveCheck: true,
    useNormalizedOHMUrl: true,
    noExternalImportByPath: true
  },
  useNormalizedOHMUrl: true,
  caseSensitiveCheck: true,
  aceModuleJsonPath: 'D:\\code\\code\\class\\huawei\\audio-volume-management\\entry\\build\\default\\intermediates\\res\\default\\ark_module.json',
  appResource: 'D:\\code\\code\\class\\huawei\\audio-volume-management\\entry\\build\\default\\intermediates\\res\\default\\ResourceTable.txt',
  rawFileResource: 'D:\\code\\code\\class\\huawei\\audio-volume-management\\entry\\build\\default\\intermediates\\res\\default\\resources\\rawfile',
  resourceTableHash: '94c0ad7c5ee272635765786ebf63481804eab74614bade7ca4ef49413e086856',
  runtimeOS: 'HarmonyOS',
  sdkInfo: 'false:22:6.0.2.130:Release',
  aceModuleRoot: 'D:\\code\\code\\class\\huawei\\audio-volume-management\\entry\\src\\main\\ets',
  compileMode: 'esmodule',
  aceSuperVisualPath: 'D:\\code\\code\\class\\huawei\\audio-volume-management\\entry\\src\\main\\supervisual',
  aceBuildJson: 'D:\\code\\code\\class\\huawei\\audio-volume-management\\entry\\build\\default\\intermediates\\loader\\default\\loader.json',
  cachePath: 'D:\\code\\code\\class\\huawei\\audio-volume-management\\entry\\build\\default\\cache\\default\\default@CompileArkTS\\esmodule\\debug',
  aceModuleBuild: 'D:\\code\\code\\class\\huawei\\audio-volume-management\\entry\\build\\default\\intermediates\\loader_out\\default\\ets',
  supportChunks: true,
  declaredFilesPath: undefined,
  shouldCollectDirectImportees: false,
  isByteCodeHarOptimize: false,
  expandImportPath: undefined,
  pkgNameToPkgBriefInfo: {
    entry: {
      pkgRoot: 'D:\\code\\code\\class\\huawei\\audio-volume-management\\entry',
      originalSourceRoots: undefined,
      sourceRoots: [Array],
      pkgName: 'entry'
    }
  },
  projectModel: {
    'D:\\code\\code\\class\\huawei\\audio-volume-management\\entry\\src\\main': {
      moduleName: 'entry',
      modulePkgPath: 'D:\\code\\code\\class\\huawei\\audio-volume-management\\entry',
      belongProjectPath: 'D:\\code\\code\\class\\huawei\\audio-volume-management'
    },
    'D:\\code\\code\\class\\huawei\\audio-volume-management\\entry\\.test\\default\\intermediates\\src\\ohosTest\\ets': {
      moduleName: 'entry',
      modulePkgPath: 'D:\\code\\code\\class\\huawei\\audio-volume-management\\entry',
      belongProjectPath: 'D:\\code\\code\\class\\huawei\\audio-volume-management'
    },
    'D:\\code\\code\\class\\huawei\\audio-volume-management\\entry\\src\\ohosTest': {
      moduleName: 'entry',
      modulePkgPath: 'D:\\code\\code\\class\\huawei\\audio-volume-management\\entry',
      belongProjectPath: 'D:\\code\\code\\class\\huawei\\audio-volume-management'
    },
    'D:\\code\\code\\class\\huawei\\audio-volume-management\\entry': {
      moduleName: 'entry',
      modulePkgPath: 'D:\\code\\code\\class\\huawei\\audio-volume-management\\entry',
      belongProjectPath: 'D:\\code\\code\\class\\huawei\\audio-volume-management'
    },
    'D:\\code\\code\\class\\huawei\\audio-volume-management': {
      moduleName: 'audio-volume-management',
      modulePkgPath: 'D:\\code\\code\\class\\huawei\\audio-volume-management',
      belongProjectPath: 'D:\\code\\code\\class\\huawei\\audio-volume-management'
    }
  },
  pkgJsonFileHash: '6a8bcb4d0fc449f3649fe715009b97b8f85121602e1d5f72220f50a6fb3bff4f',
  allModulePaths: [ 'D:\\code\\code\\class\\huawei\\audio-volume-management\\entry' ],
  routerMap: {},
  obfuscationOptions: undefined,
  byteCodeHarToDependencyKeys: undefined,
  compileBlockPkg: [],
  mockParams: {
    decorator: '@MockSetup',
    packageName: '@ohos/hamock',
    etsSourceRootPath: 'src/main/ets',
    mockConfigPath: undefined,
    mockConfigKey2ModuleInfo: {},
    source2ModuleIdMap: {}
  },
  copyCodeResourceEnable: false,
  copyCodeResourceExcludes: [],
  copyCodeResourceIncludes: undefined,
  uiTransformOptimization: false,
  sdkPath: 'D:/editor/Huawei/DevEco Studio/sdk',
  needPreloadSoFileSet: {},
  preloadSoFilePath: 'D:\\code\\code\\class\\huawei\\audio-volume-management\\entry\\build\\default\\intermediates\\preload\\default\\preload.json',
  useSourceHash: false,
  localModuleParamMap: {},
  otherPaths: {
    'entry/*': [
      '..\\*',
      '..\\..\\..\\build\\default\\generated\\profile\\default\\*'
    ]
  },
  collectImportersConfig: undefined
}
[2026-04-14T16:51:47.226] [DEBUG] debug-file - Compile arkts with external api path: D:\editor\Huawei\DevEco Studio\sdk\default\hms\ets
[2026-04-14T16:51:47.231] [DEBUG] debug-file - default@CompileArkTS work[0] is submitted.
[2026-04-14T16:51:47.233] [DEBUG] debug-file - default@CompileArkTS work[0] is pushed to ready queue.
[2026-04-14T16:51:47.233] [DEBUG] debug-file - A work dispatched to worker[31] failed because unable to get work from ready queue.
[2026-04-14T16:51:47.234] [DEBUG] debug-file - A work dispatched to worker[30] failed because unable to get work from ready queue.
[2026-04-14T16:51:47.234] [DEBUG] debug-file - A work dispatched to worker[29] failed because unable to get work from ready queue.
[2026-04-14T16:51:47.234] [DEBUG] debug-file - A work dispatched to worker[28] failed because unable to get work from ready queue.
[2026-04-14T16:51:47.234] [DEBUG] debug-file - A work dispatched to worker[27] failed because unable to get work from ready queue.
[2026-04-14T16:51:47.234] [DEBUG] debug-file - A work dispatched to worker[26] failed because unable to get work from ready queue.
[2026-04-14T16:51:47.234] [DEBUG] debug-file - A work dispatched to worker[25] failed because unable to get work from ready queue.
[2026-04-14T16:51:47.235] [DEBUG] debug-file - A work dispatched to worker[24] failed because unable to get work from ready queue.
[2026-04-14T16:51:47.235] [DEBUG] debug-file - A work dispatched to worker[23] failed because unable to get work from ready queue.
[2026-04-14T16:51:47.235] [DEBUG] debug-file - A work dispatched to worker[22] failed because unable to get work from ready queue.
[2026-04-14T16:51:47.235] [DEBUG] debug-file - A work dispatched to worker[21] failed because unable to get work from ready queue.
[2026-04-14T16:51:47.235] [DEBUG] debug-file - A work dispatched to worker[20] failed because unable to get work from ready queue.
[2026-04-14T16:51:47.235] [DEBUG] debug-file - A work dispatched to worker[19] failed because unable to get work from ready queue.
[2026-04-14T16:51:47.235] [DEBUG] debug-file - A work dispatched to worker[18] failed because unable to get work from ready queue.
[2026-04-14T16:51:47.235] [DEBUG] debug-file - A work dispatched to worker[17] failed because unable to get work from ready queue.
[2026-04-14T16:51:47.235] [DEBUG] debug-file - A work dispatched to worker[16] failed because unable to get work from ready queue.
[2026-04-14T16:51:47.235] [DEBUG] debug-file - A work dispatched to worker[15] failed because unable to get work from ready queue.
[2026-04-14T16:51:47.236] [DEBUG] debug-file - A work dispatched to worker[14] failed because unable to get work from ready queue.
[2026-04-14T16:51:47.236] [DEBUG] debug-file - A work dispatched to worker[13] failed because unable to get work from ready queue.
[2026-04-14T16:51:47.236] [DEBUG] debug-file - A work dispatched to worker[12] failed because unable to get work from ready queue.
[2026-04-14T16:51:47.236] [DEBUG] debug-file - A work dispatched to worker[11] failed because unable to get work from ready queue.
[2026-04-14T16:51:47.236] [DEBUG] debug-file - A work dispatched to worker[10] failed because unable to get work from ready queue.
[2026-04-14T16:51:47.236] [DEBUG] debug-file - A work dispatched to worker[9] failed because unable to get work from ready queue.
[2026-04-14T16:51:47.236] [DEBUG] debug-file - A work dispatched to worker[8] failed because unable to get work from ready queue.
[2026-04-14T16:51:47.236] [DEBUG] debug-file - A work dispatched to worker[7] failed because unable to get work from ready queue.
[2026-04-14T16:51:47.236] [DEBUG] debug-file - A work dispatched to worker[6] failed because unable to get work from ready queue.
[2026-04-14T16:51:47.237] [DEBUG] debug-file - A work dispatched to worker[5] failed because unable to get work from ready queue.
[2026-04-14T16:51:47.237] [DEBUG] debug-file - Create  resident worker with id: 4.
[2026-04-14T16:51:47.240] [DEBUG] debug-file - default@CompileArkTS work[0] has been dispatched to worker[4].
[2026-04-14T16:51:47.241] [DEBUG] debug-file - default@CompileArkTS work[0] is dispatched.
[2026-04-14T16:51:47.241] [DEBUG] debug-file - entry : default@CompileArkTS cost memory 2.0810394287109375
[2026-04-14T16:51:47.247] [DEBUG] debug-file - Executing task :entry:default@BuildJS
[2026-04-14T16:51:47.248] [DEBUG] debug-file - Task 'entry:default@BuildJS' cost while wrapping incremental declarations: 1 ms 
[2026-04-14T16:51:47.260] [DEBUG] debug-file - entry : default@BuildJS cost memory 0.17041015625
[2026-04-14T16:51:47.261] [DEBUG] debug-file - runTaskFromQueue task cost before running: 12 s 684 ms 
[2026-04-14T16:51:47.261] [INFO] debug-file - Finished :entry:default@BuildJS... after 14 ms 
[2026-04-14T16:51:47.265] [DEBUG] debug-file - Executing task :entry:default@CacheNativeLibs
[2026-04-14T16:51:47.266] [DEBUG] debug-file - Task 'entry:default@CacheNativeLibs' cost while wrapping incremental declarations: 2 ms 
[2026-04-14T16:51:47.267] [DEBUG] debug-file - default@CacheNativeLibs work[1] is submitted.
[2026-04-14T16:51:47.268] [DEBUG] debug-file - default@CacheNativeLibs work[1] is pushed to ready queue.
[2026-04-14T16:51:47.268] [DEBUG] debug-file - A work dispatched to worker[31] failed because unable to get work from ready queue.
[2026-04-14T16:51:47.269] [DEBUG] debug-file - Create  resident worker with id: 30.
[2026-04-14T16:51:47.272] [DEBUG] debug-file - default@CacheNativeLibs work[1] has been dispatched to worker[30].
[2026-04-14T16:51:47.272] [DEBUG] debug-file - default@CacheNativeLibs work[1] is dispatched.
[2026-04-14T16:51:47.272] [DEBUG] debug-file - entry : default@CacheNativeLibs cost memory 0.152313232421875
[2026-04-14T16:51:51.683] [DEBUG] debug-file - worker[30] has one work done.
[2026-04-14T16:51:51.684] [DEBUG] debug-file - default@CacheNativeLibs work[1] done.
[2026-04-14T16:51:51.685] [DEBUG] debug-file - A work dispatched to worker[30] failed because unable to get work from ready queue.
[2026-04-14T16:51:51.687] [INFO] debug-file - Finished :entry:default@CacheNativeLibs... after 48 ms 
[2026-04-14T16:52:13.183] [WARN] debug-file - [33mWARN: [33m[33mArkTS:WARN File: D:/code/code/class/huawei/audio-volume-management/entry/src/main/ets/player/AudioVolumeController.ets:30:18
 Function may throw exceptions. Special handling is required.
[39m[39m
[33mWARN: [33m[33mArkTS:WARN File: D:/code/code/class/huawei/audio-volume-management/entry/src/main/ets/player/AudioVolumeController.ets:37:18
 Function may throw exceptions. Special handling is required.
[39m[39m
[33mWARN: [33m[33mArkTS:WARN File: D:/code/code/class/huawei/audio-volume-management/entry/src/main/ets/player/AudioVolumeController.ets:43:18
 Function may throw exceptions. Special handling is required.
[39m[39m
[33mWARN: [33m[33mArkTS:WARN File: D:/code/code/class/huawei/audio-volume-management/entry/src/main/ets/player/AudioVolumeController.ets:49:5
 Function may throw exceptions. Special handling is required.
[39m[39m
[33mWARN: [33m[33mArkTS:WARN File: D:/code/code/class/huawei/audio-volume-management/entry/src/main/ets/player/AudioVolumeController.ets:73:5
 Function may throw exceptions. Special handling is required.
[39m[39m
[33mWARN: [33m[33mArkTS:WARN File: D:/code/code/class/huawei/audio-volume-management/entry/src/main/ets/player/AudioVolumeController.ets:80:5
 Function may throw exceptions. Special handling is required.
[39m[39m
[33mWARN: [33m[33mArkTS:WARN File: D:/code/code/class/huawei/audio-volume-management/entry/src/main/ets/player/AudioVolumeController.ets:85:5
 Function may throw exceptions. Special handling is required.
[39m[39m

[2026-04-14T16:52:13.184] [DEBUG] debug-file - Ark compile task finished.finished time is 1261848934300
[2026-04-14T16:52:13.185] [DEBUG] debug-file - worker[4] has one work done.
[2026-04-14T16:52:13.190] [DEBUG] debug-file - default@CompileArkTS work[0] done.
[2026-04-14T16:52:13.191] [DEBUG] debug-file - A work dispatched to worker[4] failed because unable to get work from ready queue.
[2026-04-14T16:52:13.194] [INFO] debug-file - Finished :entry:default@CompileArkTS... after 15 s 858 ms 
[2026-04-14T16:52:13.196] [DEBUG] debug-file - Executing task :entry:default@GeneratePkgModuleJson
[2026-04-14T16:52:13.197] [DEBUG] debug-file - File: 'D:\code\code\class\huawei\audio-volume-management\entry\build\default\intermediates\preload\default\preload.json' from 'preloadSoJsonPath' is not exists, just ignore.
[2026-04-14T16:52:13.197] [DEBUG] debug-file - Error occurs while handling @Input 'shouldDeduplicateHar': The "data" argument must be of type string or an instance of Buffer, TypedArray, or DataView. Received undefined
[2026-04-14T16:52:13.198] [DEBUG] debug-file - Task 'entry:default@GeneratePkgModuleJson' cost while wrapping incremental declarations: 2 ms 
[2026-04-14T16:52:13.202] [DEBUG] debug-file - entry : default@GeneratePkgModuleJson cost memory 0.170654296875
[2026-04-14T16:52:13.202] [DEBUG] debug-file - runTaskFromQueue task cost before running: 38 s 625 ms 
[2026-04-14T16:52:13.202] [INFO] debug-file - Finished :entry:default@GeneratePkgModuleJson... after 6 ms 
[2026-04-14T16:52:13.204] [DEBUG] debug-file - Executing task :entry:default@ProcessCompiledResources
[2026-04-14T16:52:13.205] [DEBUG] debug-file - File: 'D:\code\code\class\huawei\audio-volume-management\entry\build\default\intermediates\preload\default\preload.json' from 'preloadSoJsonPath' is not exists, just ignore.
[2026-04-14T16:52:13.205] [DEBUG] debug-file - Task 'entry:default@ProcessCompiledResources' cost while wrapping incremental declarations: 2 ms 
[2026-04-14T16:52:13.207] [DEBUG] debug-file - entry : default@ProcessCompiledResources cost memory 0.064178466796875
[2026-04-14T16:52:13.207] [DEBUG] debug-file - runTaskFromQueue task cost before running: 38 s 630 ms 
[2026-04-14T16:52:13.207] [INFO] debug-file - Finished :entry:default@ProcessCompiledResources... after 4 ms 
[2026-04-14T16:52:13.213] [DEBUG] debug-file - Executing task :entry:default@PackageHap
[2026-04-14T16:52:13.221] [DEBUG] debug-file - Use tool [D:\editor\Huawei\DevEco Studio\sdk\default\openharmony\toolchains\lib\app_packing_tool.jar]
 [
  'java',
  '-Dfile.encoding=GBK',
  '-jar',
  'D:\\editor\\Huawei\\DevEco Studio\\sdk\\default\\openharmony\\toolchains\\lib\\app_packing_tool.jar',
  '--mode',
  'hap',
  '--force',
  'true',
  '--lib-path',
  'D:\\code\\code\\class\\huawei\\audio-volume-management\\entry\\build\\default\\intermediates\\stripped_native_libs\\default',
  '--json-path',
  'D:\\code\\code\\class\\huawei\\audio-volume-management\\entry\\build\\default\\intermediates\\package\\default\\module.json',
  '--resources-path',
  'D:\\code\\code\\class\\huawei\\audio-volume-management\\entry\\build\\default\\intermediates\\res\\default\\resources',
  '--index-path',
  'D:\\code\\code\\class\\huawei\\audio-volume-management\\entry\\build\\default\\intermediates\\res\\default\\resources.index',
  '--pack-info-path',
  'D:\\code\\code\\class\\huawei\\audio-volume-management\\entry\\build\\default\\outputs\\default\\pack.info',
  '--out-path',
  'D:\\code\\code\\class\\huawei\\audio-volume-management\\entry\\build\\default\\outputs\\default\\entry-default-unsigned.hap',
  '--ets-path',
  'D:\\code\\code\\class\\huawei\\audio-volume-management\\entry\\build\\default\\intermediates\\loader_out\\default\\ets',
  '--pkg-context-path',
  'D:\\code\\code\\class\\huawei\\audio-volume-management\\entry\\build\\default\\intermediates\\loader\\default\\pkgContextInfo.json'
]
[2026-04-14T16:52:13.927] [DEBUG] debug-file - java daemon socket received message:{"code":0,"message":"pack success"}
[2026-04-14T16:52:13.936] [DEBUG] debug-file - entry : default@PackageHap cost memory 0.41393280029296875
[2026-04-14T16:52:13.936] [DEBUG] debug-file - runTaskFromQueue task cost before running: 39 s 360 ms 
[2026-04-14T16:52:13.938] [INFO] debug-file - Finished :entry:default@PackageHap... after 724 ms 
[2026-04-14T16:52:13.940] [DEBUG] debug-file - Executing task :entry:default@PackingCheck
[2026-04-14T16:52:13.951] [DEBUG] debug-file - entry : default@PackingCheck cost memory 0.6363677978515625
[2026-04-14T16:52:13.951] [DEBUG] debug-file - runTaskFromQueue task cost before running: 39 s 375 ms 
[2026-04-14T16:52:13.952] [INFO] debug-file - Finished :entry:default@PackingCheck... after 12 ms 
[2026-04-14T16:52:13.954] [DEBUG] debug-file - Executing task :entry:default@SignHap
[2026-04-14T16:52:13.954] [WARN] debug-file - Will skip sign 'hos_hap'. No signingConfigs profile is configured in current project.
             If needed, configure the signingConfigs in D:\code\code\class\huawei\audio-volume-management\build-profile.json5.
[2026-04-14T16:52:13.957] [DEBUG] debug-file - entry : default@SignHap cost memory 0.056610107421875
[2026-04-14T16:52:13.957] [DEBUG] debug-file - runTaskFromQueue task cost before running: 39 s 380 ms 
[2026-04-14T16:52:13.958] [INFO] debug-file - Finished :entry:default@SignHap... after 3 ms 
[2026-04-14T16:52:13.960] [DEBUG] debug-file - Executing task :entry:default@CollectDebugSymbol
[2026-04-14T16:52:13.962] [DEBUG] debug-file - entry : default@CollectDebugSymbol cost memory 0.10199737548828125
[2026-04-14T16:52:13.962] [DEBUG] debug-file - runTaskFromQueue task cost before running: 39 s 385 ms 
[2026-04-14T16:52:13.962] [INFO] debug-file - Finished :entry:default@CollectDebugSymbol... after 3 ms 
[2026-04-14T16:52:13.962] [DEBUG] debug-file - Executing task :entry:assembleHap
[2026-04-14T16:52:13.963] [DEBUG] debug-file - entry : assembleHap cost memory 0.0128326416015625
[2026-04-14T16:52:13.963] [DEBUG] debug-file - runTaskFromQueue task cost before running: 39 s 386 ms 
[2026-04-14T16:52:13.963] [INFO] debug-file - Finished :entry:assembleHap... after 1 ms 
[2026-04-14T16:52:13.973] [INFO] debug-file - BUILD SUCCESSFUL in 39 s 396 ms 
[2026-04-14T16:52:13.976] [DEBUG] debug-file - Update task entry:default@PreBuild input file:D:\code\code\class\huawei\audio-volume-management\AppScope\app.json5 cache by regenerate.
[2026-04-14T16:52:13.977] [DEBUG] debug-file - Update task entry:default@PreBuild input file:D:\code\code\class\huawei\audio-volume-management\entry\src\main\module.json5 cache by regenerate.
[2026-04-14T16:52:13.978] [DEBUG] debug-file - Update task entry:default@PreBuild input file:D:\code\code\class\huawei\audio-volume-management\build-profile.json5 cache by regenerate.
[2026-04-14T16:52:13.978] [DEBUG] debug-file - Update task entry:default@PreBuild input file:D:\code\code\class\huawei\audio-volume-management\entry\build-profile.json5 cache by regenerate.
[2026-04-14T16:52:13.978] [DEBUG] debug-file - Update task entry:default@PreBuild input file:D:\code\code\class\huawei\audio-volume-management\entry\src\main\resources\base\profile\router_map.json cache by regenerate.
[2026-04-14T16:52:13.979] [DEBUG] debug-file - Update task entry:default@PreBuild input file:D:\code\code\class\huawei\audio-volume-management\entry\src\main\resources\base\profile\main_pages.json cache by regenerate.
[2026-04-14T16:52:13.979] [DEBUG] debug-file - Update task entry:default@PreBuild input file:D:\code\code\class\huawei\audio-volume-management\hvigor\hvigor-config.json5 cache by regenerate.
[2026-04-14T16:52:13.980] [DEBUG] debug-file - Update task entry:default@PreBuild input file:D:\code\code\class\huawei\audio-volume-management\entry\oh-package.json5 cache by regenerate.
[2026-04-14T16:52:13.980] [DEBUG] debug-file - Update task entry:default@PreBuild input file:D:\code\code\class\huawei\audio-volume-management\oh-package.json5 cache by regenerate.
[2026-04-14T16:52:13.981] [DEBUG] debug-file - Incremental task entry:default@PreBuild post-execution cost:7 ms .
[2026-04-14T16:52:13.981] [DEBUG] debug-file - Update task entry:default@CreateModuleInfo output file:D:\code\code\class\huawei\audio-volume-management\entry\build\default\generated\profile\default\ModuleInfo.ts cache.
[2026-04-14T16:52:13.982] [DEBUG] debug-file - Incremental task entry:default@CreateModuleInfo post-execution cost:1 ms .
[2026-04-14T16:52:13.982] [DEBUG] debug-file - Update task entry:default@GenerateMetadata input file:D:\code\code\class\huawei\audio-volume-management\entry\src\main\module.json5 cache by regenerate.
[2026-04-14T16:52:13.982] [DEBUG] debug-file - Update task entry:default@GenerateMetadata output file:D:\code\code\class\huawei\audio-volume-management\entry\build\default\intermediates\hap_metadata\default\output_metadata.json cache.
[2026-04-14T16:52:13.983] [DEBUG] debug-file - Incremental task entry:default@GenerateMetadata post-execution cost:2 ms .
[2026-04-14T16:52:13.983] [DEBUG] debug-file - Update task entry:default@MergeProfile input file:D:\code\code\class\huawei\audio-volume-management\AppScope\app.json5 cache by regenerate.
[2026-04-14T16:52:13.983] [DEBUG] debug-file - Update task entry:default@MergeProfile input file:D:\code\code\class\huawei\audio-volume-management\build-profile.json5 cache by regenerate.
[2026-04-14T16:52:13.984] [DEBUG] debug-file - Update task entry:default@MergeProfile input file:D:\code\code\class\huawei\audio-volume-management\entry\src\main\module.json5 cache by regenerate.
[2026-04-14T16:52:13.984] [DEBUG] debug-file - Update task entry:default@MergeProfile output file:D:\code\code\class\huawei\audio-volume-management\entry\build\default\intermediates\merge_profile\default\module.json cache.
[2026-04-14T16:52:13.985] [DEBUG] debug-file - Incremental task entry:default@MergeProfile post-execution cost:2 ms .
[2026-04-14T16:52:13.985] [DEBUG] debug-file - Update task entry:default@CreateBuildProfile input file:D:\code\code\class\huawei\audio-volume-management\AppScope\app.json5 cache by regenerate.
[2026-04-14T16:52:13.985] [DEBUG] debug-file - Update task entry:default@CreateBuildProfile input file:D:\code\code\class\huawei\audio-volume-management\build-profile.json5 cache by regenerate.
[2026-04-14T16:52:13.986] [DEBUG] debug-file - Update task entry:default@CreateBuildProfile output file:D:\code\code\class\huawei\audio-volume-management\entry\build\default\generated\profile\default\BuildProfile.ets cache.
[2026-04-14T16:52:13.986] [DEBUG] debug-file - Incremental task entry:default@CreateBuildProfile post-execution cost:2 ms .
[2026-04-14T16:52:13.986] [DEBUG] debug-file - Update task entry:default@GeneratePkgContextInfo output file:D:\code\code\class\huawei\audio-volume-management\entry\build\default\intermediates\loader\default\pkgContextInfo.json cache.
[2026-04-14T16:52:13.987] [DEBUG] debug-file - Incremental task entry:default@GeneratePkgContextInfo post-execution cost:1 ms .
[2026-04-14T16:52:13.987] [DEBUG] debug-file - Update task entry:default@ProcessIntegratedHsp output file:D:\code\code\class\huawei\audio-volume-management\build\cache\default\integrated_hsp\integratedHspCache.json cache.
[2026-04-14T16:52:13.987] [DEBUG] debug-file - Incremental task entry:default@ProcessIntegratedHsp post-execution cost:1 ms .
[2026-04-14T16:52:13.988] [DEBUG] debug-file - Update task entry:default@MakePackInfo input file:D:\code\code\class\huawei\audio-volume-management\AppScope\app.json5 cache by regenerate.
[2026-04-14T16:52:13.988] [DEBUG] debug-file - Update task entry:default@MakePackInfo input file:D:\code\code\class\huawei\audio-volume-management\entry\src\main\module.json5 cache by regenerate.
[2026-04-14T16:52:13.989] [DEBUG] debug-file - Update task entry:default@MakePackInfo input file:D:\code\code\class\huawei\audio-volume-management\build-profile.json5 cache by regenerate.
[2026-04-14T16:52:13.989] [DEBUG] debug-file - Update task entry:default@MakePackInfo input file:D:\code\code\class\huawei\audio-volume-management\entry\src\main\resources\base\profile\backup_config.json cache by regenerate.
[2026-04-14T16:52:13.989] [DEBUG] debug-file - Update task entry:default@MakePackInfo output file:D:\code\code\class\huawei\audio-volume-management\entry\build\default\outputs\default\pack.info cache.
[2026-04-14T16:52:13.990] [DEBUG] debug-file - Incremental task entry:default@MakePackInfo post-execution cost:3 ms .
[2026-04-14T16:52:13.990] [DEBUG] debug-file - Update task entry:default@SyscapTransform input file:D:\editor\Huawei\DevEco Studio\sdk\default\openharmony\toolchains\syscap_tool.exe cache by regenerate.
[2026-04-14T16:52:13.990] [DEBUG] debug-file - Update task entry:default@SyscapTransform input file:D:\editor\Huawei\DevEco Studio\sdk\default\openharmony\ets\api\device-define cache by regenerate.
[2026-04-14T16:52:13.992] [DEBUG] debug-file - Update task entry:default@SyscapTransform output file:D:\code\code\class\huawei\audio-volume-management\entry\build\default\intermediates\syscap\default\rpcid.sc cache.
[2026-04-14T16:52:13.993] [DEBUG] debug-file - Incremental task entry:default@SyscapTransform post-execution cost:4 ms .
[2026-04-14T16:52:13.993] [DEBUG] debug-file - Update task entry:default@ProcessProfile input file:D:\code\code\class\huawei\audio-volume-management\entry\build\default\intermediates\merge_profile\default\module.json cache by regenerate.
[2026-04-14T16:52:13.994] [DEBUG] debug-file - Update task entry:default@ProcessProfile output file:D:\code\code\class\huawei\audio-volume-management\entry\build\default\intermediates\process_profile\default\module.json cache.
[2026-04-14T16:52:13.994] [DEBUG] debug-file - Incremental task entry:default@ProcessProfile post-execution cost:2 ms .
[2026-04-14T16:52:13.996] [DEBUG] debug-file - Update task entry:default@ProcessRouterMap input file:D:\code\code\class\huawei\audio-volume-management\entry\oh-package.json5 cache by regenerate.
[2026-04-14T16:52:13.996] [DEBUG] debug-file - Update task entry:default@ProcessRouterMap input file:D:\code\code\class\huawei\audio-volume-management\oh-package.json5 cache by regenerate.
[2026-04-14T16:52:13.997] [DEBUG] debug-file - Update task entry:default@ProcessRouterMap input file:D:\code\code\class\huawei\audio-volume-management\entry\src\main\module.json5 cache by regenerate.
[2026-04-14T16:52:13.997] [DEBUG] debug-file - Update task entry:default@ProcessRouterMap input file:D:\code\code\class\huawei\audio-volume-management\entry\src\main\resources\base\profile\router_map.json cache by regenerate.
[2026-04-14T16:52:13.997] [DEBUG] debug-file - Update task entry:default@ProcessRouterMap input file:D:\code\code\class\huawei\audio-volume-management\entry\build\default\intermediates\loader\default\pkgContextInfo.json cache by regenerate.
[2026-04-14T16:52:13.998] [DEBUG] debug-file - Update task entry:default@ProcessRouterMap output file:D:\code\code\class\huawei\audio-volume-management\entry\build\default\intermediates\router_map\default\router_map.json cache.
[2026-04-14T16:52:13.998] [DEBUG] debug-file - Update task entry:default@ProcessRouterMap output file:D:\code\code\class\huawei\audio-volume-management\entry\build\default\intermediates\router_map\default\loader-router-map.json cache.
[2026-04-14T16:52:13.999] [DEBUG] debug-file - Incremental task entry:default@ProcessRouterMap post-execution cost:5 ms .
[2026-04-14T16:52:14.000] [DEBUG] debug-file - Update task entry:default@ProcessShareConfig input file:D:\code\code\class\huawei\audio-volume-management\entry\oh-package.json5 cache by regenerate.
[2026-04-14T16:52:14.000] [DEBUG] debug-file - Update task entry:default@ProcessShareConfig input file:D:\code\code\class\huawei\audio-volume-management\oh-package.json5 cache by regenerate.
[2026-04-14T16:52:14.000] [DEBUG] debug-file - Update task entry:default@ProcessShareConfig input file:D:\code\code\class\huawei\audio-volume-management\entry\src\main\module.json5 cache by regenerate.
[2026-04-14T16:52:14.001] [DEBUG] debug-file - Update task entry:default@ProcessShareConfig input file:D:\code\code\class\huawei\audio-volume-management\entry\build\default\intermediates\loader\default\pkgContextInfo.json cache by regenerate.
[2026-04-14T16:52:14.001] [DEBUG] debug-file - Update task entry:default@ProcessShareConfig output file:D:\code\code\class\huawei\audio-volume-management\entry\build\default\intermediates\share_config\default\temp-share-config.json cache.
[2026-04-14T16:52:14.001] [DEBUG] debug-file - Incremental task entry:default@ProcessShareConfig post-execution cost:3 ms .
[2026-04-14T16:52:14.002] [DEBUG] debug-file - Update task entry:default@ProcessStartupConfig input file:D:\code\code\class\huawei\audio-volume-management\entry\build\default\intermediates\loader\default\pkgContextInfo.json cache by regenerate.
[2026-04-14T16:52:14.002] [DEBUG] debug-file - Update task entry:default@ProcessStartupConfig output file:D:\code\code\class\huawei\audio-volume-management\entry\build\default\intermediates\startup\default\startup_config.json cache.
[2026-04-14T16:52:14.003] [DEBUG] debug-file - Incremental task entry:default@ProcessStartupConfig post-execution cost:1 ms .
[2026-04-14T16:52:14.003] [DEBUG] debug-file - Update task entry:default@ProcessResource output file:D:\code\code\class\huawei\audio-volume-management\entry\build\default\intermediates\res\default\resConfig.json cache.
[2026-04-14T16:52:14.003] [DEBUG] debug-file - Update task entry:default@ProcessResource output file:D:\code\code\class\huawei\audio-volume-management\entry\build\default\intermediates\res\default\opt-compression.json cache.
[2026-04-14T16:52:14.004] [DEBUG] debug-file - Incremental task entry:default@ProcessResource post-execution cost:1 ms .
[2026-04-14T16:52:14.006] [DEBUG] debug-file - Update task entry:default@GenerateLoaderJson input file:D:\code\code\class\huawei\audio-volume-management\entry\build\default\intermediates\loader\default\pkgContextInfo.json cache by regenerate.
[2026-04-14T16:52:14.007] [DEBUG] debug-file - Update task entry:default@GenerateLoaderJson input file:D:\code\code\class\huawei\audio-volume-management\entry\build\default\intermediates\router_map\default\loader-router-map.json cache by regenerate.
[2026-04-14T16:52:14.007] [DEBUG] debug-file - Update task entry:default@GenerateLoaderJson input file:D:\code\code\class\huawei\audio-volume-management\entry\build\default\intermediates\router_map\default\router_map.json cache by regenerate.
[2026-04-14T16:52:14.008] [DEBUG] debug-file - Update task entry:default@GenerateLoaderJson output file:D:\code\code\class\huawei\audio-volume-management\entry\build\default\intermediates\loader\default\loader.json cache.
[2026-04-14T16:52:14.008] [DEBUG] debug-file - Incremental task entry:default@GenerateLoaderJson post-execution cost:5 ms .
[2026-04-14T16:52:14.009] [DEBUG] debug-file - Update task entry:default@ProcessLibs input file:D:\code\code\class\huawei\audio-volume-management\build-profile.json5 cache by regenerate.
[2026-04-14T16:52:14.009] [DEBUG] debug-file - Update task entry:default@ProcessLibs input file:D:\code\code\class\huawei\audio-volume-management\entry\build-profile.json5 cache by regenerate.
[2026-04-14T16:52:14.010] [DEBUG] debug-file - Update task entry:default@ProcessLibs output file:D:\code\code\class\huawei\audio-volume-management\entry\build\default\intermediates\libs\default cache.
[2026-04-14T16:52:14.011] [DEBUG] debug-file - Incremental task entry:default@ProcessLibs post-execution cost:3 ms .
[2026-04-14T16:52:14.012] [DEBUG] debug-file - Update task entry:default@CompileResource input file:D:\code\code\class\huawei\audio-volume-management\entry\src\main\resources cache by regenerate.
[2026-04-14T16:52:14.022] [DEBUG] debug-file - Update task entry:default@CompileResource input file:D:\code\code\class\huawei\audio-volume-management\AppScope\resources cache by regenerate.
[2026-04-14T16:52:14.024] [DEBUG] debug-file - Update task entry:default@CompileResource input file:D:\code\code\class\huawei\audio-volume-management\entry\build\default\intermediates\process_profile\default\module.json cache by regenerate.
[2026-04-14T16:52:14.025] [DEBUG] debug-file - Update task entry:default@CompileResource input file:D:\code\code\class\huawei\audio-volume-management\entry\build\default\intermediates\router_map\default\router_map.json cache by regenerate.
[2026-04-14T16:52:14.025] [DEBUG] debug-file - Update task entry:default@CompileResource input file:D:\code\code\class\huawei\audio-volume-management\entry\build\default\intermediates\res\default\resConfig.json cache by regenerate.
[2026-04-14T16:52:14.026] [DEBUG] debug-file - Update task entry:default@CompileResource output file:D:\code\code\class\huawei\audio-volume-management\entry\build\default\intermediates\res\default cache.
[2026-04-14T16:52:14.036] [DEBUG] debug-file - Update task entry:default@CompileResource output file:D:\code\code\class\huawei\audio-volume-management\entry\build\default\generated\r\default\ResourceTable.h cache.
[2026-04-14T16:52:14.036] [DEBUG] debug-file - Update task entry:default@CompileResource output file:D:\code\code\class\huawei\audio-volume-management\entry\build\default\generated\r\default cache.
[2026-04-14T16:52:14.037] [DEBUG] debug-file - Incremental task entry:default@CompileResource post-execution cost:27 ms .
[2026-04-14T16:52:14.038] [DEBUG] debug-file - Update task entry:default@DoNativeStrip input file:D:\code\code\class\huawei\audio-volume-management\entry\build\default\intermediates\libs\default cache by regenerate.
[2026-04-14T16:52:14.039] [DEBUG] debug-file - Update task entry:default@DoNativeStrip output file:D:\code\code\class\huawei\audio-volume-management\entry\build\default\intermediates\stripped_native_libs\default cache.
[2026-04-14T16:52:14.039] [DEBUG] debug-file - Incremental task entry:default@DoNativeStrip post-execution cost:2 ms .
[2026-04-14T16:52:14.042] [DEBUG] debug-file - Update task entry:default@CompileArkTS input file:D:\code\code\class\huawei\audio-volume-management\entry\build\default\intermediates\loader\default cache by regenerate.
[2026-04-14T16:52:14.044] [DEBUG] debug-file - Update task entry:default@CompileArkTS input file:D:\code\code\class\huawei\audio-volume-management\entry\build\default\intermediates\res\default\resources\rawfile cache by regenerate.
[2026-04-14T16:52:14.045] [DEBUG] debug-file - Update task entry:default@CompileArkTS input file:D:\code\code\class\huawei\audio-volume-management\entry\build\default\intermediates\res\default\ResourceTable.txt cache by regenerate.
[2026-04-14T16:52:14.045] [DEBUG] debug-file - Update task entry:default@CompileArkTS input file:D:\code\code\class\huawei\audio-volume-management\entry\build\default\intermediates\res\default\ark_module.json cache by regenerate.
[2026-04-14T16:52:14.046] [DEBUG] debug-file - Update task entry:default@CompileArkTS input file:D:\code\code\class\huawei\audio-volume-management\entry\build\default\intermediates\res\default\resources\base\profile cache by regenerate.
[2026-04-14T16:52:14.048] [DEBUG] debug-file - Update task entry:default@CompileArkTS input file:D:\code\code\class\huawei\audio-volume-management\entry\src\main\ets cache by regenerate.
[2026-04-14T16:52:14.055] [DEBUG] debug-file - Update task entry:default@CompileArkTS input file:D:\code\code\class\huawei\audio-volume-management\entry\build\default\intermediates\loader\default\pkgContextInfo.json cache by regenerate.
[2026-04-14T16:52:14.056] [DEBUG] debug-file - Update task entry:default@CompileArkTS input file:D:\code\code\class\huawei\audio-volume-management\entry\build\default\generated\profile\default\BuildProfile.ets cache by regenerate.
[2026-04-14T16:52:14.056] [DEBUG] debug-file - Update task entry:default@CompileArkTS output file:D:\code\code\class\huawei\audio-volume-management\entry\build\default\intermediates\loader_out\default\ets cache.
[2026-04-14T16:52:14.057] [DEBUG] debug-file - Incremental task entry:default@CompileArkTS post-execution cost:18 ms .
[2026-04-14T16:52:14.059] [DEBUG] debug-file - Update task entry:default@BuildJS input file:D:\code\code\class\huawei\audio-volume-management\entry\build\default\intermediates\loader\default cache by regenerate.
[2026-04-14T16:52:14.060] [DEBUG] debug-file - Update task entry:default@BuildJS input file:D:\code\code\class\huawei\audio-volume-management\entry\build\default\intermediates\res\default\resources\rawfile cache by regenerate.
[2026-04-14T16:52:14.061] [DEBUG] debug-file - Update task entry:default@BuildJS input file:D:\code\code\class\huawei\audio-volume-management\entry\build\default\intermediates\res\default\ResourceTable.txt cache by regenerate.
[2026-04-14T16:52:14.062] [DEBUG] debug-file - Update task entry:default@BuildJS input file:D:\code\code\class\huawei\audio-volume-management\entry\build\default\intermediates\res\default\ark_module.json cache by regenerate.
[2026-04-14T16:52:14.063] [DEBUG] debug-file - Update task entry:default@BuildJS input file:D:\code\code\class\huawei\audio-volume-management\entry\build\default\intermediates\res\default\resources\base\profile cache by regenerate.
[2026-04-14T16:52:14.064] [DEBUG] debug-file - Update task entry:default@BuildJS input file:D:\code\code\class\huawei\audio-volume-management\entry\build\default\intermediates\loader\default\pkgContextInfo.json cache by regenerate.
[2026-04-14T16:52:14.064] [DEBUG] debug-file - Update task entry:default@BuildJS output file:D:\code\code\class\huawei\audio-volume-management\entry\build\default\intermediates\loader_out\default\js cache.
[2026-04-14T16:52:14.065] [DEBUG] debug-file - Incremental task entry:default@BuildJS post-execution cost:8 ms .
[2026-04-14T16:52:14.065] [DEBUG] debug-file - Update task entry:default@CacheNativeLibs input file:D:\code\code\class\huawei\audio-volume-management\entry\build\default\intermediates\stripped_native_libs\default cache by regenerate.
[2026-04-14T16:52:14.065] [DEBUG] debug-file - Update task entry:default@CacheNativeLibs input file:D:\code\code\class\huawei\audio-volume-management\entry\build\default\intermediates\libs\default cache by regenerate.
[2026-04-14T16:52:14.066] [DEBUG] debug-file - Update task entry:default@CacheNativeLibs output file:D:\code\code\class\huawei\audio-volume-management\entry\build\default\intermediates\patch\default\base_native_libs.json cache.
[2026-04-14T16:52:14.066] [DEBUG] debug-file - Incremental task entry:default@CacheNativeLibs post-execution cost:2 ms .
[2026-04-14T16:52:14.067] [DEBUG] debug-file - Update task entry:default@GeneratePkgModuleJson input file:D:\code\code\class\huawei\audio-volume-management\entry\build\default\intermediates\res\default\module.json cache by regenerate.
[2026-04-14T16:52:14.067] [DEBUG] debug-file - Update task entry:default@GeneratePkgModuleJson output file:D:\code\code\class\huawei\audio-volume-management\entry\build\default\intermediates\package\default\module.json cache.
[2026-04-14T16:52:14.067] [DEBUG] debug-file - Incremental task entry:default@GeneratePkgModuleJson post-execution cost:1 ms .
[2026-04-14T16:52:14.068] [DEBUG] debug-file - Incremental task entry:default@ProcessCompiledResources post-execution cost:1 ms .
[2026-04-14T16:52:14.069] [DEBUG] debug-file - Update task entry:default@PackageHap input file:D:\code\code\class\huawei\audio-volume-management\entry\build\default\intermediates\stripped_native_libs\default cache by regenerate.
[2026-04-14T16:52:14.070] [DEBUG] debug-file - Update task entry:default@PackageHap input file:D:\code\code\class\huawei\audio-volume-management\entry\build\default\intermediates\res\default\module.json cache by regenerate.
[2026-04-14T16:52:14.070] [DEBUG] debug-file - Update task entry:default@PackageHap input file:D:\code\code\class\huawei\audio-volume-management\entry\build\default\intermediates\res\default\resources cache by regenerate.
[2026-04-14T16:52:14.078] [DEBUG] debug-file - Update task entry:default@PackageHap input file:D:\code\code\class\huawei\audio-volume-management\entry\build\default\intermediates\res\default\resources.index cache by regenerate.
[2026-04-14T16:52:14.079] [DEBUG] debug-file - Update task entry:default@PackageHap input file:D:\code\code\class\huawei\audio-volume-management\entry\build\default\outputs\default\pack.info cache by regenerate.
[2026-04-14T16:52:14.079] [DEBUG] debug-file - Update task entry:default@PackageHap input file:D:\code\code\class\huawei\audio-volume-management\entry\build\default\intermediates\loader_out\default\ets cache by regenerate.
[2026-04-14T16:52:14.080] [DEBUG] debug-file - Update task entry:default@PackageHap input file:D:\code\code\class\huawei\audio-volume-management\entry\build\default\intermediates\loader\default\pkgContextInfo.json cache by regenerate.
[2026-04-14T16:52:14.080] [DEBUG] debug-file - Update task entry:default@PackageHap input file:D:\code\code\class\huawei\audio-volume-management\entry\build\default\intermediates\loader_out\default\ets\sourceMaps.map cache by regenerate.
[2026-04-14T16:52:14.081] [DEBUG] debug-file - Update task entry:default@PackageHap input file:D:\code\code\class\huawei\audio-volume-management\entry\build\default\generated\profile\default\BuildProfile.ets cache by regenerate.
[2026-04-14T16:52:14.081] [DEBUG] debug-file - Update task entry:default@PackageHap output file:D:\code\code\class\huawei\audio-volume-management\entry\build\default\outputs\default\entry-default-unsigned.hap cache.
[2026-04-14T16:52:14.082] [DEBUG] debug-file - Update task entry:default@PackageHap output file:D:\code\code\class\huawei\audio-volume-management\entry\build\default\intermediates\source_map\default\sourceMaps.map cache.
[2026-04-14T16:52:14.082] [DEBUG] debug-file - Update task entry:default@PackageHap output file:D:\code\code\class\huawei\audio-volume-management\entry\build\default\outputs\default\mapping\sourceMaps.map cache.
[2026-04-14T16:52:14.083] [DEBUG] debug-file - Incremental task entry:default@PackageHap post-execution cost:15 ms .
[2026-04-14T16:52:14.083] [DEBUG] debug-file - Update task entry:default@SignHap input file:D:\code\code\class\huawei\audio-volume-management\entry\build\default\outputs\default\entry-default-unsigned.hap cache by regenerate.
[2026-04-14T16:52:14.084] [DEBUG] debug-file - Update task entry:default@SignHap output file:D:\code\code\class\huawei\audio-volume-management\entry\build\default\outputs\default\entry-default-signed.hap cache.
[2026-04-14T16:52:14.084] [DEBUG] debug-file - Incremental task entry:default@SignHap post-execution cost:2 ms .
[2026-04-14T16:52:14.085] [DEBUG] debug-file - Update task entry:default@CollectDebugSymbol input file:D:\code\code\class\huawei\audio-volume-management\entry\build\default\intermediates\loader_out\default\ets\sourceMaps.map cache by regenerate.
[2026-04-14T16:52:14.085] [DEBUG] debug-file - Update task entry:default@CollectDebugSymbol input file:D:\code\code\class\huawei\audio-volume-management\entry\build\default\intermediates\libs\default cache by regenerate.
[2026-04-14T16:52:14.086] [DEBUG] debug-file - Update task entry:default@CollectDebugSymbol output file:D:\code\code\class\huawei\audio-volume-management\entry\build\default\outputs\default\symbol cache.
[2026-04-14T16:52:14.086] [DEBUG] debug-file - Incremental task entry:default@CollectDebugSymbol post-execution cost:3 ms .
[2026-04-14T16:52:14.124] [DEBUG] debug-file - Cleanup worker 0.
[2026-04-14T16:52:14.124] [DEBUG] debug-file - Worker 0 has been cleaned up.
[2026-04-14T16:52:14.124] [DEBUG] debug-file - Current idle worker size: 3.
[2026-04-14T16:52:14.124] [DEBUG] debug-file - Current resident worker size: 4.
[2026-04-14T16:52:14.124] [DEBUG] debug-file - Cleanup worker 1.
[2026-04-14T16:52:14.125] [DEBUG] debug-file - Worker 1 has been cleaned up.
[2026-04-14T16:52:14.125] [DEBUG] debug-file - Current idle worker size: 2.
[2026-04-14T16:52:14.125] [DEBUG] debug-file - Current resident worker size: 4.
[2026-04-14T16:52:14.125] [DEBUG] debug-file - Cleanup worker 30.
[2026-04-14T16:52:14.125] [DEBUG] debug-file - Worker 30 has been cleaned up.
[2026-04-14T16:52:14.125] [DEBUG] debug-file - Current idle worker size: 1.
[2026-04-14T16:52:14.125] [DEBUG] debug-file - Current resident worker size: 4.
[2026-04-14T16:52:14.128] [DEBUG] debug-file - session manager: send message to worker process.
[2026-04-14T16:52:14.129] [DEBUG] debug-file - session manager: send message to worker process.
[2026-04-14T16:52:14.127] [DEBUG] debug-file - hvigor build process will be closed.
[2026-04-14T16:52:14.127] [DEBUG] debug-file - java daemon socket close code:1000 reason:close by user
[2026-04-14T16:52:14.128] [DEBUG] debug-file - worker[0] exits with exit code 1.
[2026-04-14T16:52:14.132] [DEBUG] debug-file - watch worker: worker id should be larger than 0. Nothing will be sent to any worker thread.
[2026-04-14T16:52:14.132] [DEBUG] debug-file - watch worker: worker id should be larger than 0. Nothing will be sent to any worker thread.
[2026-04-14T16:52:14.140] [DEBUG] debug-file - worker[1] exits with exit code 1.
[2026-04-14T16:52:14.144] [DEBUG] debug-file - worker[30] exits with exit code 1.
